SF:lib/main.dart
DA:15,0
DA:16,0
DA:20,1
DA:22,1
DA:24,1
DA:26,1
DA:36,1
DA:38,1
DA:40,1
DA:66,1
DA:68,1
DA:69,1
DA:72,1
DA:73,1
DA:74,0
DA:78,0
DA:80,0
DA:82,0
DA:86,0
DA:87,0
DA:88,0
DA:90,0
DA:91,0
DA:92,0
DA:93,0
DA:94,0
DA:95,0
DA:96,0
DA:98,0
DA:100,0
DA:104,0
DA:105,0
DA:111,0
DA:113,0
DA:115,0
DA:119,0
DA:120,0
DA:121,0
DA:122,0
DA:126,0
DA:127,0
DA:133,0
DA:134,0
DA:136,0
DA:137,0
DA:138,0
DA:142,0
DA:143,0
DA:146,0
DA:149,0
DA:151,0
DA:154,0
DA:157,0
DA:158,0
DA:159,0
DA:162,0
DA:163,0
DA:164,0
DA:165,0
DA:166,0
DA:168,0
DA:169,0
DA:172,0
DA:173,0
DA:176,0
DA:177,0
DA:183,0
DA:184,0
DA:186,0
DA:187,0
DA:188,0
DA:192,0
DA:193,0
DA:196,0
DA:198,0
DA:199,0
DA:200,0
DA:204,0
DA:210,0
DA:211,0
DA:214,0
DA:216,0
DA:219,0
DA:222,0
DA:223,0
DA:224,0
DA:227,0
DA:228,0
DA:229,0
DA:230,0
DA:234,0
DA:235,0
DA:238,0
DA:239,0
DA:242,0
DA:243,0
DA:249,0
DA:250,0
DA:253,0
DA:255,0
DA:261,0
DA:262,0
DA:264,0
DA:265,0
DA:269,0
DA:270,0
DA:275,1
DA:277,1
DA:278,1
DA:281,1
DA:283,1
DA:285,1
DA:287,1
DA:288,3
DA:290,1
DA:291,1
DA:292,1
DA:294,1
DA:295,0
DA:296,0
DA:297,0
DA:298,0
DA:299,0
DA:300,0
DA:301,0
DA:302,0
DA:308,1
DA:310,1
DA:311,0
DA:312,0
DA:313,0
DA:314,0
DA:315,0
DA:316,0
DA:317,0
DA:318,0
DA:328,3
DA:329,1
DA:330,3
DA:332,1
DA:333,1
DA:334,1
DA:335,1
DA:340,1
DA:341,0
DA:342,0
DA:343,0
DA:350,0
DA:351,0
DA:352,0
DA:354,0
DA:355,0
DA:356,0
DA:357,0
DA:362,0
DA:363,0
DA:364,0
DA:365,0
DA:373,1
DA:376,1
DA:377,1
DA:378,1
DA:379,1
DA:380,1
DA:381,1
DA:382,1
DA:383,0
DA:384,0
DA:385,0
DA:394,1
DA:395,1
DA:396,1
DA:397,1
DA:398,1
DA:399,0
DA:400,0
DA:401,0
DA:412,1
DA:415,1
DA:416,1
DA:417,2
DA:418,1
DA:419,1
DA:423,0
DA:424,0
DA:427,1
DA:428,1
DA:429,0
DA:430,0
DA:435,1
DA:438,1
DA:439,0
DA:440,0
DA:443,0
DA:445,0
DA:447,0
DA:455,0
DA:456,0
DA:457,0
DA:459,0
DA:460,0
DA:465,0
DA:466,0
DA:467,0
DA:468,0
DA:469,0
DA:470,0
DA:476,0
DA:484,0
DA:485,0
DA:486,0
DA:488,0
DA:490,0
DA:491,0
DA:493,0
DA:494,0
DA:495,0
DA:500,0
DA:501,0
DA:502,0
DA:512,1
DA:513,0
DA:515,1
DA:516,1
DA:517,1
DA:518,2
DA:519,1
DA:522,1
DA:524,1
DA:525,1
DA:538,0
DA:539,0
DA:540,0
DA:541,0
DA:546,0
DA:547,0
DA:548,0
DA:549,0
DA:550,0
DA:552,0
DA:556,0
DA:557,0
DA:558,0
DA:559,0
DA:565,0
DA:566,0
DA:570,0
DA:571,0
DA:572,0
DA:576,0
DA:578,0
DA:579,0
DA:582,0
DA:583,0
DA:584,0
DA:585,0
DA:586,0
DA:588,0
DA:589,0
DA:590,0
DA:591,0
DA:592,0
DA:594,0
DA:595,0
DA:596,0
DA:597,0
DA:598,0
DA:599,0
DA:600,0
DA:601,0
DA:602,0
DA:603,0
DA:605,0
DA:610,0
DA:612,0
DA:613,0
DA:616,0
DA:617,0
DA:620,0
DA:621,0
DA:624,0
DA:625,0
LF:282
LH:66
end_of_record
